<?xml version="1.0" encoding="UTF-8"?>
<!-- Generated by org.testng.reporters.JUnitReportReporter -->
<testsuite hostname="yo-yo-yoga" failures="0" tests="1" name="com.api.automation.tests.PostResquestTest" time="0.917" errors="0" timestamp="2025-01-30T15:13:21 EST" skipped="0">
  <testcase classname="com.api.automation.tests.PostResquestTest" name="testCreateUser" time="0.917"/>
</testsuite> <!-- com.api.automation.tests.PostResquestTest -->
